{
"contracts/RFOXCollection.sol":{"l":{"27":3,"28":3,"32":1,"36":18,"38":17,"39":17,"40":17,"41":17,"45":25,"52":22,"56":0,"65":25,"72":12,"73":11,"75":10,"84":0,"92":6,"93":6,"94":5,"97":1},"path":"/home/runner/work/nft-platform-contracts/nft-platform-contracts/contracts/RFOXCollection.sol","s":{"1":3,"2":3,"3":1,"4":18,"5":17,"6":17,"7":17,"8":17,"9":25,"10":22,"11":0,"12":25,"13":12,"14":11,"15":10,"16":0,"17":6,"18":6,"19":5,"20":1},"b":{"1":[17,1],"2":[11,1],"3":[10,1],"4":[5,1]},"f":{"1":3,"2":1,"3":18,"4":25,"5":22,"6":0,"7":25,"8":12,"9":0,"10":6},"fnMap":{"1":{"name":"constructor","line":26,"loc":{"start":{"line":26,"column":4},"end":{"line":29,"column":4}}},"2":{"name":"contractURI","line":31,"loc":{"start":{"line":31,"column":4},"end":{"line":33,"column":4}}},"3":{"name":"safeMint","line":35,"loc":{"start":{"line":35,"column":4},"end":{"line":42,"column":4}}},"4":{"name":"_baseURI","line":44,"loc":{"start":{"line":44,"column":4},"end":{"line":46,"column":4}}},"5":{"name":"_beforeTokenTransfer","line":48,"loc":{"start":{"line":48,"column":4},"end":{"line":53,"column":4}}},"6":{"name":"_burn","line":55,"loc":{"start":{"line":55,"column":4},"end":{"line":57,"column":4}}},"7":{"name":"tokenURI","line":59,"loc":{"start":{"line":59,"column":4},"end":{"line":66,"column":4}}},"8":{"name":"setTokenURI","line":71,"loc":{"start":{"line":71,"column":4},"end":{"line":76,"column":4}}},"9":{"name":"supportsInterface","line":78,"loc":{"start":{"line":78,"column":4},"end":{"line":85,"column":4}}},"10":{"name":"isApprovedForAll","line":90,"loc":{"start":{"line":90,"column":4},"end":{"line":98,"column":4}}}},"statementMap":{"1":{"start":{"line":27,"column":8},"end":{"line":27,"column":34}},"2":{"start":{"line":28,"column":8},"end":{"line":28,"column":52}},"3":{"start":{"line":32,"column":8},"end":{"line":32,"column":27}},"4":{"start":{"line":36,"column":8},"end":{"line":36,"column":83}},"5":{"start":{"line":38,"column":8},"end":{"line":38,"column":51}},"6":{"start":{"line":39,"column":8},"end":{"line":39,"column":30}},"7":{"start":{"line":40,"column":8},"end":{"line":40,"column":39}},"8":{"start":{"line":41,"column":8},"end":{"line":41,"column":34}},"9":{"start":{"line":45,"column":8},"end":{"line":45,"column":24}},"10":{"start":{"line":52,"column":8},"end":{"line":52,"column":52}},"11":{"start":{"line":56,"column":8},"end":{"line":56,"column":27}},"12":{"start":{"line":65,"column":8},"end":{"line":65,"column":38}},"13":{"start":{"line":72,"column":8},"end":{"line":72,"column":124}},"14":{"start":{"line":73,"column":8},"end":{"line":73,"column":83}},"15":{"start":{"line":75,"column":8},"end":{"line":75,"column":40}},"16":{"start":{"line":84,"column":8},"end":{"line":84,"column":51}},"17":{"start":{"line":92,"column":8},"end":{"line":92,"column":74}},"18":{"start":{"line":93,"column":8},"end":{"line":93,"column":3013}},"19":{"start":{"line":94,"column":12},"end":{"line":94,"column":23}},"20":{"start":{"line":97,"column":8},"end":{"line":97,"column":54}}},"branchMap":{"1":{"line":36,"type":"if","locations":[{"start":{"line":36,"column":8},"end":{"line":36,"column":8}},{"start":{"line":36,"column":8},"end":{"line":36,"column":8}}]},"2":{"line":72,"type":"if","locations":[{"start":{"line":72,"column":8},"end":{"line":72,"column":8}},{"start":{"line":72,"column":8},"end":{"line":72,"column":8}}]},"3":{"line":73,"type":"if","locations":[{"start":{"line":73,"column":8},"end":{"line":73,"column":8}},{"start":{"line":73,"column":8},"end":{"line":73,"column":8}}]},"4":{"line":93,"type":"if","locations":[{"start":{"line":93,"column":8},"end":{"line":93,"column":8}},{"start":{"line":93,"column":8},"end":{"line":93,"column":8}}]}}},
"contracts/test/MockProxyRegistry.sol":{"l":{"21":1},"path":"/home/runner/work/nft-platform-contracts/nft-platform-contracts/contracts/test/MockProxyRegistry.sol","s":{"1":1},"b":{},"f":{"1":1},"fnMap":{"1":{"name":"setProxy","line":19,"loc":{"start":{"line":17,"column":4},"end":{"line":22,"column":4}}}},"statementMap":{"1":{"start":{"line":21,"column":8},"end":{"line":21,"column":43}}},"branchMap":{}}}
