TN:
SF:/home/runner/work/nft-platform-contracts/nft-platform-contracts/contracts/RFOXCollection.sol
FN:26,constructor
FN:31,contractURI
FN:35,safeMint
FN:44,_baseURI
FN:48,_beforeTokenTransfer
FN:55,_burn
FN:59,tokenURI
FN:71,setTokenURI
FN:78,supportsInterface
FN:90,isApprovedForAll
FNF:10
FNH:8
FNDA:3,constructor
FNDA:1,contractURI
FNDA:18,safeMint
FNDA:25,_baseURI
FNDA:22,_beforeTokenTransfer
FNDA:0,_burn
FNDA:25,tokenURI
FNDA:12,setTokenURI
FNDA:0,supportsInterface
FNDA:6,isApprovedForAll
DA:27,3
DA:28,3
DA:32,1
DA:36,18
DA:38,17
DA:39,17
DA:40,17
DA:41,17
DA:45,25
DA:52,22
DA:56,0
DA:65,25
DA:72,12
DA:73,11
DA:75,10
DA:84,0
DA:92,6
DA:93,6
DA:94,5
DA:97,1
LF:20
LH:18
BRDA:36,1,0,17
BRDA:36,1,1,1
BRDA:72,2,0,11
BRDA:72,2,1,1
BRDA:73,3,0,10
BRDA:73,3,1,1
BRDA:93,4,0,5
BRDA:93,4,1,1
BRF:8
BRH:8
end_of_record
TN:
SF:/home/runner/work/nft-platform-contracts/nft-platform-contracts/contracts/test/MockProxyRegistry.sol
FN:19,setProxy
FNF:1
FNH:1
FNDA:1,setProxy
DA:21,1
LF:1
LH:1
BRF:0
BRH:0
end_of_record
